Determining if the Q_WS_WIN exist failed with the following output:
Change Dir: /camma/cpp/xaware/xawareHoloLens/build/CMakeFiles/CMakeTmp

Run Build Command(s):/usr/bin/make -f Makefile cmTC_300d2/fast && /usr/bin/make  -f CMakeFiles/cmTC_300d2.dir/build.make CMakeFiles/cmTC_300d2.dir/build
make[1]: Entering directory '/camma/cpp/xaware/xawareHoloLens/build/CMakeFiles/CMakeTmp'
Building CXX object CMakeFiles/cmTC_300d2.dir/CheckSymbolExists.cxx.o
/usr/bin/c++  -I/usr/include/qt4 -fopenmp  -o CMakeFiles/cmTC_300d2.dir/CheckSymbolExists.cxx.o -c /camma/cpp/xaware/xawareHoloLens/build/CMakeFiles/CMakeTmp/CheckSymbolExists.cxx
/camma/cpp/xaware/xawareHoloLens/build/CMakeFiles/CMakeTmp/CheckSymbolExists.cxx: In function 'int main(int, char**)':
/camma/cpp/xaware/xawareHoloLens/build/CMakeFiles/CMakeTmp/CheckSymbolExists.cxx:8:19: error: 'Q_WS_WIN' was not declared in this scope
   return ((int*)(&Q_WS_WIN))[argc];
                   ^~~~~~~~
/camma/cpp/xaware/xawareHoloLens/build/CMakeFiles/CMakeTmp/CheckSymbolExists.cxx:8:19: note: suggested alternative: 'Q_WS_X11'
   return ((int*)(&Q_WS_WIN))[argc];
                   ^~~~~~~~
                   Q_WS_X11
CMakeFiles/cmTC_300d2.dir/build.make:77: recipe for target 'CMakeFiles/cmTC_300d2.dir/CheckSymbolExists.cxx.o' failed
make[1]: *** [CMakeFiles/cmTC_300d2.dir/CheckSymbolExists.cxx.o] Error 1
make[1]: Leaving directory '/camma/cpp/xaware/xawareHoloLens/build/CMakeFiles/CMakeTmp'
Makefile:127: recipe for target 'cmTC_300d2/fast' failed
make: *** [cmTC_300d2/fast] Error 2


File /camma/cpp/xaware/xawareHoloLens/build/CMakeFiles/CMakeTmp/CheckSymbolExists.cxx:
/* */
#include <QtCore/qglobal.h>

int main(int argc, char** argv)
{
  (void)argv;
#ifndef Q_WS_WIN
  return ((int*)(&Q_WS_WIN))[argc];
#else
  (void)argc;
  return 0;
#endif
}
Determining if the Q_WS_QWS exist failed with the following output:
Change Dir: /camma/cpp/xaware/xawareHoloLens/build/CMakeFiles/CMakeTmp

Run Build Command(s):/usr/bin/make -f Makefile cmTC_bd722/fast && /usr/bin/make  -f CMakeFiles/cmTC_bd722.dir/build.make CMakeFiles/cmTC_bd722.dir/build
make[1]: Entering directory '/camma/cpp/xaware/xawareHoloLens/build/CMakeFiles/CMakeTmp'
Building CXX object CMakeFiles/cmTC_bd722.dir/CheckSymbolExists.cxx.o
/usr/bin/c++  -I/usr/include/qt4 -fopenmp  -o CMakeFiles/cmTC_bd722.dir/CheckSymbolExists.cxx.o -c /camma/cpp/xaware/xawareHoloLens/build/CMakeFiles/CMakeTmp/CheckSymbolExists.cxx
/camma/cpp/xaware/xawareHoloLens/build/CMakeFiles/CMakeTmp/CheckSymbolExists.cxx: In function 'int main(int, char**)':
/camma/cpp/xaware/xawareHoloLens/build/CMakeFiles/CMakeTmp/CheckSymbolExists.cxx:8:19: error: 'Q_WS_QWS' was not declared in this scope
   return ((int*)(&Q_WS_QWS))[argc];
                   ^~~~~~~~
/camma/cpp/xaware/xawareHoloLens/build/CMakeFiles/CMakeTmp/CheckSymbolExists.cxx:8:19: note: suggested alternative: 'Q_WS_X11'
   return ((int*)(&Q_WS_QWS))[argc];
                   ^~~~~~~~
                   Q_WS_X11
CMakeFiles/cmTC_bd722.dir/build.make:77: recipe for target 'CMakeFiles/cmTC_bd722.dir/CheckSymbolExists.cxx.o' failed
make[1]: *** [CMakeFiles/cmTC_bd722.dir/CheckSymbolExists.cxx.o] Error 1
make[1]: Leaving directory '/camma/cpp/xaware/xawareHoloLens/build/CMakeFiles/CMakeTmp'
Makefile:127: recipe for target 'cmTC_bd722/fast' failed
make: *** [cmTC_bd722/fast] Error 2


File /camma/cpp/xaware/xawareHoloLens/build/CMakeFiles/CMakeTmp/CheckSymbolExists.cxx:
/* */
#include <QtCore/qglobal.h>

int main(int argc, char** argv)
{
  (void)argv;
#ifndef Q_WS_QWS
  return ((int*)(&Q_WS_QWS))[argc];
#else
  (void)argc;
  return 0;
#endif
}
Determining if the Q_WS_MAC exist failed with the following output:
Change Dir: /camma/cpp/xaware/xawareHoloLens/build/CMakeFiles/CMakeTmp

Run Build Command(s):/usr/bin/make -f Makefile cmTC_867e6/fast && /usr/bin/make  -f CMakeFiles/cmTC_867e6.dir/build.make CMakeFiles/cmTC_867e6.dir/build
make[1]: Entering directory '/camma/cpp/xaware/xawareHoloLens/build/CMakeFiles/CMakeTmp'
Building CXX object CMakeFiles/cmTC_867e6.dir/CheckSymbolExists.cxx.o
/usr/bin/c++  -I/usr/include/qt4 -fopenmp  -o CMakeFiles/cmTC_867e6.dir/CheckSymbolExists.cxx.o -c /camma/cpp/xaware/xawareHoloLens/build/CMakeFiles/CMakeTmp/CheckSymbolExists.cxx
/camma/cpp/xaware/xawareHoloLens/build/CMakeFiles/CMakeTmp/CheckSymbolExists.cxx: In function 'int main(int, char**)':
/camma/cpp/xaware/xawareHoloLens/build/CMakeFiles/CMakeTmp/CheckSymbolExists.cxx:8:19: error: 'Q_WS_MAC' was not declared in this scope
   return ((int*)(&Q_WS_MAC))[argc];
                   ^~~~~~~~
/camma/cpp/xaware/xawareHoloLens/build/CMakeFiles/CMakeTmp/CheckSymbolExists.cxx:8:19: note: suggested alternative: 'Q_WS_X11'
   return ((int*)(&Q_WS_MAC))[argc];
                   ^~~~~~~~
                   Q_WS_X11
CMakeFiles/cmTC_867e6.dir/build.make:77: recipe for target 'CMakeFiles/cmTC_867e6.dir/CheckSymbolExists.cxx.o' failed
make[1]: *** [CMakeFiles/cmTC_867e6.dir/CheckSymbolExists.cxx.o] Error 1
make[1]: Leaving directory '/camma/cpp/xaware/xawareHoloLens/build/CMakeFiles/CMakeTmp'
Makefile:127: recipe for target 'cmTC_867e6/fast' failed
make: *** [cmTC_867e6/fast] Error 2


File /camma/cpp/xaware/xawareHoloLens/build/CMakeFiles/CMakeTmp/CheckSymbolExists.cxx:
/* */
#include <QtCore/qglobal.h>

int main(int argc, char** argv)
{
  (void)argv;
#ifndef Q_WS_MAC
  return ((int*)(&Q_WS_MAC))[argc];
#else
  (void)argc;
  return 0;
#endif
}
